<?xml version="1.0" encoding="UTF-8"?>
<beans xmlns="http://www.springframework.org/schema/beans"
       xmlns:xsi="http://www.w3.org/2001/XMLSchema-instance"
       xsi:schemaLocation="http://www.springframework.org/schema/beans http://www.springframework.org/schema/beans/spring-beans.xsd">


    <import resource="classpath:kitchen.xml"/>
    <import resource="classpath:create-shoppinglists-flow.xml"/>
    <import resource="classpath:grocery-unpacker-flow.xml"/>
    <import resource="classpath:home-dinner-flow.xml"/>
    <import resource="classpath:recipebook.xml"/>
    <import resource="classpath:shopping-flow.xml"/>
    <import resource="classpath:split-recipe-flow.xml"/>
</beans>