<?xml version="1.0" encoding="UTF-8"?>
<beans:beans xmlns:beans="http://www.springframework.org/schema/beans"
             xmlns:xsi="http://www.w3.org/2001/XMLSchema-instance"
             xmlns="http://www.springframework.org/schema/integration"
             xsi:schemaLocation="http://www.springframework.org/schema/beans
			http://www.springframework.org/schema/beans/spring-beans.xsd
			http://www.springframework.org/schema/integration
			http://www.springframework.org/schema/integration/spring-integration.xsd">

    <beans:import resource="classpath:flight-notifications.xml"/>

    <!-- <start id="sms-notifier-mock" /> -->
    <beans:bean id="smsNotifierBean"
                class="org.mockito.Mockito"
                factory-method="mock">
        <beans:constructor-arg
                value="siia.booking.domain.notifications.SmsNotifiable"/>
    </beans:bean>
    <!-- <end id="sms-notifier-mock" /> -->

    <beans:bean id="tripRepository"
                class="org.mockito.Mockito"
                factory-method="mock">
        <beans:constructor-arg
                value="siia.booking.domain.trip.TripRepository"/>
    </beans:bean>

    <bridge input-channel="tripNotifications"
            output-channel="interceptedTripNotifications"/>

    <channel id="interceptedTripNotifications">
        <queue capacity="42"/>
    </channel>

    <poller default="true" fixed-rate="100" time-unit="MILLISECONDS"/>
</beans:beans>